<?xml version="1.0" encoding="UTF-8"?>
<testsuite name="LolinTests" tests="8" skipped="0" failures="0" errors="0" timestamp="2023-07-24T06:38:44" hostname="ELENA" time="35.231">
  <properties/>
  <testcase name="loginNegativeUserDTO[0](models.User@71870da7)" classname="LolinTests" time="3.396"/>
  <testcase name="loginPositive" classname="LolinTests" time="3.385"/>
  <testcase name="loginPositiveProps" classname="LolinTests" time="0.648"/>
  <testcase name="loginPositiveUser" classname="LolinTests" time="3.338"/>
  <testcase name="loginPositiveUserDTO[0](models.User@75308740)" classname="LolinTests" time="3.366"/>
  <testcase name="loginPositiveUserDTO[1](models.User@b0e5507)" classname="LolinTests" time="3.328"/>
  <testcase name="loginPositiveUserDTO[2](models.User@11b455e5)" classname="LolinTests" time="3.355"/>
  <testcase name="loginPositiveUserData" classname="LolinTests" time="3.355"/>
  <system-out><![CDATA[]]></system-out>
  <system-err><![CDATA[]]></system-err>
</testsuite>
